<?xml version="1.0" encoding="UTF-8"?>
<testng-results skipped="0" failed="0" total="2" passed="2">
  <reporter-output>
  </reporter-output>
  <suite name="Default suite" duration-ms="112308" started-at="2018-12-29T10:14:25Z" finished-at="2018-12-29T10:16:17Z">
    <groups>
    </groups>
    <test name="Default test" duration-ms="112308" started-at="2018-12-29T10:14:25Z" finished-at="2018-12-29T10:16:17Z">
      <class name="RedBusBooking.RedBus.TestRedBus">
        <test-method status="PASS" signature="startReport()[pri:0, instance:RedBusBooking.RedBus.TestRedBus@27efef64]" name="startReport" is-config="true" duration-ms="897" started-at="2018-12-29T15:44:25Z" finished-at="2018-12-29T15:44:26Z">
          <reporter-output>
          </reporter-output>
        </test-method> <!-- startReport -->
        <test-method status="PASS" signature="openbrowser()[pri:0, instance:RedBusBooking.RedBus.TestRedBus@27efef64]" name="openbrowser" is-config="true" duration-ms="36353" started-at="2018-12-29T15:44:28Z" finished-at="2018-12-29T15:45:04Z">
          <reporter-output>
          </reporter-output>
        </test-method> <!-- openbrowser -->
        <test-method status="PASS" signature="searchBuses(java.lang.String, java.lang.String, java.lang.String)[pri:0, instance:RedBusBooking.RedBus.TestRedBus@27efef64]" name="searchBuses" duration-ms="22015" started-at="2018-12-29T15:45:04Z" description="Searching Buses" data-provider="SearchBus" finished-at="2018-12-29T15:45:26Z">
          <params>
            <param index="0">
              <value>
                <![CDATA[Chennai]]>
              </value>
            </param>
            <param index="1">
              <value>
                <![CDATA[Coimbatore]]>
              </value>
            </param>
            <param index="2">
              <value>
                <![CDATA[29-Jan-2019]]>
              </value>
            </param>
          </params>
          <reporter-output>
          </reporter-output>
        </test-method> <!-- searchBuses -->
        <test-method status="PASS" signature="closeBrowser()[pri:0, instance:RedBusBooking.RedBus.TestRedBus@27efef64]" name="closeBrowser" is-config="true" duration-ms="560" started-at="2018-12-29T15:45:26Z" finished-at="2018-12-29T15:45:27Z">
          <reporter-output>
          </reporter-output>
        </test-method> <!-- closeBrowser -->
        <test-method status="PASS" signature="openbrowser()[pri:0, instance:RedBusBooking.RedBus.TestRedBus@27efef64]" name="openbrowser" is-config="true" duration-ms="27080" started-at="2018-12-29T15:45:27Z" finished-at="2018-12-29T15:45:54Z">
          <reporter-output>
          </reporter-output>
        </test-method> <!-- openbrowser -->
        <test-method status="PASS" signature="searchBuses1(java.lang.String, java.lang.String, java.lang.String)[pri:0, instance:RedBusBooking.RedBus.TestRedBus@27efef64]" name="searchBuses1" duration-ms="21363" started-at="2018-12-29T15:45:54Z" description="Searching Buses" data-provider="SearchBus" finished-at="2018-12-29T15:46:15Z">
          <params>
            <param index="0">
              <value>
                <![CDATA[Chennai]]>
              </value>
            </param>
            <param index="1">
              <value>
                <![CDATA[Coimbatore]]>
              </value>
            </param>
            <param index="2">
              <value>
                <![CDATA[29-Jan-2019]]>
              </value>
            </param>
          </params>
          <reporter-output>
          </reporter-output>
        </test-method> <!-- searchBuses1 -->
        <test-method status="PASS" signature="closeBrowser()[pri:0, instance:RedBusBooking.RedBus.TestRedBus@27efef64]" name="closeBrowser" is-config="true" duration-ms="538" started-at="2018-12-29T15:46:15Z" finished-at="2018-12-29T15:46:16Z">
          <reporter-output>
          </reporter-output>
        </test-method> <!-- closeBrowser -->
        <test-method status="PASS" signature="close()[pri:0, instance:RedBusBooking.RedBus.TestRedBus@27efef64]" name="close" is-config="true" duration-ms="1288" started-at="2018-12-29T15:46:16Z" finished-at="2018-12-29T15:46:17Z">
          <reporter-output>
          </reporter-output>
        </test-method> <!-- close -->
      </class> <!-- RedBusBooking.RedBus.TestRedBus -->
    </test> <!-- Default test -->
  </suite> <!-- Default suite -->
</testng-results>
