<?xml version="1.0" encoding="UTF-8"?>
<testng-results skipped="0" failed="0" ignored="0" total="1" passed="1">
  <reporter-output>
  </reporter-output>
  <suite name="Suite" duration-ms="107" started-at="2018-12-21T12:03:49Z" finished-at="2018-12-21T12:03:49Z">
    <groups>
    </groups>
    <test name="Test" duration-ms="107" started-at="2018-12-21T12:03:49Z" finished-at="2018-12-21T12:03:49Z">
      <class name="Selenium_Maven.Selenium_Maven.AppTest">
        <test-method status="PASS" signature="shouldAnswerWithTrue()[pri:0, instance:Selenium_Maven.Selenium_Maven.AppTest@50675690]" name="shouldAnswerWithTrue" duration-ms="20" started-at="2018-12-21T12:03:49Z" finished-at="2018-12-21T12:03:49Z">
          <reporter-output>
          </reporter-output>
        </test-method> <!-- shouldAnswerWithTrue -->
      </class> <!-- Selenium_Maven.Selenium_Maven.AppTest -->
    </test> <!-- Test -->
  </suite> <!-- Suite -->
</testng-results>
